Determining if the pthread_create exist failed with the following output:
Change Dir: /home/ainiaalif/project_mobil/build/control/CMakeFiles/CMakeTmp

Run Build Command:"/usr/bin/make" "cmTC_50071/fast"
/usr/bin/make -f CMakeFiles/cmTC_50071.dir/build.make CMakeFiles/cmTC_50071.dir/build
make[1]: Entering directory '/home/ainiaalif/project_mobil/build/control/CMakeFiles/CMakeTmp'
Building C object CMakeFiles/cmTC_50071.dir/CheckSymbolExists.c.o
/usr/bin/cc     -o CMakeFiles/cmTC_50071.dir/CheckSymbolExists.c.o   -c /home/ainiaalif/project_mobil/build/control/CMakeFiles/CMakeTmp/CheckSymbolExists.c
Linking C executable cmTC_50071
/usr/bin/cmake -E cmake_link_script CMakeFiles/cmTC_50071.dir/link.txt --verbose=1
/usr/bin/cc       CMakeFiles/cmTC_50071.dir/CheckSymbolExists.c.o  -o cmTC_50071 -rdynamic 
CMakeFiles/cmTC_50071.dir/CheckSymbolExists.c.o: In function `main':
CheckSymbolExists.c:(.text+0x16): undefined reference to `pthread_create'
collect2: error: ld returned 1 exit status
CMakeFiles/cmTC_50071.dir/build.make:97: recipe for target 'cmTC_50071' failed
make[1]: *** [cmTC_50071] Error 1
make[1]: Leaving directory '/home/ainiaalif/project_mobil/build/control/CMakeFiles/CMakeTmp'
Makefile:126: recipe for target 'cmTC_50071/fast' failed
make: *** [cmTC_50071/fast] Error 2

File /home/ainiaalif/project_mobil/build/control/CMakeFiles/CMakeTmp/CheckSymbolExists.c:
/* */
#include <pthread.h>

int main(int argc, char** argv)
{
  (void)argv;
#ifndef pthread_create
  return ((int*)(&pthread_create))[argc];
#else
  (void)argc;
  return 0;
#endif
}

Determining if the function pthread_create exists in the pthreads failed with the following output:
Change Dir: /home/ainiaalif/project_mobil/build/control/CMakeFiles/CMakeTmp

Run Build Command:"/usr/bin/make" "cmTC_557da/fast"
/usr/bin/make -f CMakeFiles/cmTC_557da.dir/build.make CMakeFiles/cmTC_557da.dir/build
make[1]: Entering directory '/home/ainiaalif/project_mobil/build/control/CMakeFiles/CMakeTmp'
Building C object CMakeFiles/cmTC_557da.dir/CheckFunctionExists.c.o
/usr/bin/cc    -DCHECK_FUNCTION_EXISTS=pthread_create   -o CMakeFiles/cmTC_557da.dir/CheckFunctionExists.c.o   -c /usr/share/cmake-3.5/Modules/CheckFunctionExists.c
Linking C executable cmTC_557da
/usr/bin/cmake -E cmake_link_script CMakeFiles/cmTC_557da.dir/link.txt --verbose=1
/usr/bin/cc   -DCHECK_FUNCTION_EXISTS=pthread_create    CMakeFiles/cmTC_557da.dir/CheckFunctionExists.c.o  -o cmTC_557da -rdynamic -lpthreads 
/usr/bin/ld: cannot find -lpthreads
collect2: error: ld returned 1 exit status
CMakeFiles/cmTC_557da.dir/build.make:97: recipe for target 'cmTC_557da' failed
make[1]: *** [cmTC_557da] Error 1
make[1]: Leaving directory '/home/ainiaalif/project_mobil/build/control/CMakeFiles/CMakeTmp'
Makefile:126: recipe for target 'cmTC_557da/fast' failed
make: *** [cmTC_557da/fast] Error 2


