Linked: (/home/ainiaalif/project_mobil/devel/.private/kumpulan_msgs/share/gennodejs/ros/kumpulan_msgs/_index.js, /home/ainiaalif/project_mobil/devel/share/gennodejs/ros/kumpulan_msgs/_index.js)
Linked: (/home/ainiaalif/project_mobil/devel/.private/kumpulan_msgs/share/gennodejs/ros/kumpulan_msgs/msg/arduino_it.js, /home/ainiaalif/project_mobil/devel/share/gennodejs/ros/kumpulan_msgs/msg/arduino_it.js)
Linked: (/home/ainiaalif/project_mobil/devel/.private/kumpulan_msgs/share/gennodejs/ros/kumpulan_msgs/msg/it_control.js, /home/ainiaalif/project_mobil/devel/share/gennodejs/ros/kumpulan_msgs/msg/it_control.js)
Linked: (/home/ainiaalif/project_mobil/devel/.private/kumpulan_msgs/share/gennodejs/ros/kumpulan_msgs/msg/it_vision.js, /home/ainiaalif/project_mobil/devel/share/gennodejs/ros/kumpulan_msgs/msg/it_vision.js)
Linked: (/home/ainiaalif/project_mobil/devel/.private/kumpulan_msgs/share/gennodejs/ros/kumpulan_msgs/msg/_index.js, /home/ainiaalif/project_mobil/devel/share/gennodejs/ros/kumpulan_msgs/msg/_index.js)
Linked: (/home/ainiaalif/project_mobil/devel/.private/kumpulan_msgs/share/roseus/ros/kumpulan_msgs/manifest.l, /home/ainiaalif/project_mobil/devel/share/roseus/ros/kumpulan_msgs/manifest.l)
Linked: (/home/ainiaalif/project_mobil/devel/.private/kumpulan_msgs/share/roseus/ros/kumpulan_msgs/msg/it_vision.l, /home/ainiaalif/project_mobil/devel/share/roseus/ros/kumpulan_msgs/msg/it_vision.l)
Linked: (/home/ainiaalif/project_mobil/devel/.private/kumpulan_msgs/share/roseus/ros/kumpulan_msgs/msg/arduino_it.l, /home/ainiaalif/project_mobil/devel/share/roseus/ros/kumpulan_msgs/msg/arduino_it.l)
Linked: (/home/ainiaalif/project_mobil/devel/.private/kumpulan_msgs/share/roseus/ros/kumpulan_msgs/msg/it_control.l, /home/ainiaalif/project_mobil/devel/share/roseus/ros/kumpulan_msgs/msg/it_control.l)
Linked: (/home/ainiaalif/project_mobil/devel/.private/kumpulan_msgs/share/kumpulan_msgs/cmake/kumpulan_msgsConfig.cmake, /home/ainiaalif/project_mobil/devel/share/kumpulan_msgs/cmake/kumpulan_msgsConfig.cmake)
Linked: (/home/ainiaalif/project_mobil/devel/.private/kumpulan_msgs/share/kumpulan_msgs/cmake/kumpulan_msgs-msg-paths.cmake, /home/ainiaalif/project_mobil/devel/share/kumpulan_msgs/cmake/kumpulan_msgs-msg-paths.cmake)
Linked: (/home/ainiaalif/project_mobil/devel/.private/kumpulan_msgs/share/kumpulan_msgs/cmake/kumpulan_msgsConfig-version.cmake, /home/ainiaalif/project_mobil/devel/share/kumpulan_msgs/cmake/kumpulan_msgsConfig-version.cmake)
Linked: (/home/ainiaalif/project_mobil/devel/.private/kumpulan_msgs/share/kumpulan_msgs/cmake/kumpulan_msgs-msg-extras.cmake, /home/ainiaalif/project_mobil/devel/share/kumpulan_msgs/cmake/kumpulan_msgs-msg-extras.cmake)
Linked: (/home/ainiaalif/project_mobil/devel/.private/kumpulan_msgs/share/common-lisp/ros/kumpulan_msgs/msg/it_vision.lisp, /home/ainiaalif/project_mobil/devel/share/common-lisp/ros/kumpulan_msgs/msg/it_vision.lisp)
Linked: (/home/ainiaalif/project_mobil/devel/.private/kumpulan_msgs/share/common-lisp/ros/kumpulan_msgs/msg/arduino_it.lisp, /home/ainiaalif/project_mobil/devel/share/common-lisp/ros/kumpulan_msgs/msg/arduino_it.lisp)
Linked: (/home/ainiaalif/project_mobil/devel/.private/kumpulan_msgs/share/common-lisp/ros/kumpulan_msgs/msg/_package.lisp, /home/ainiaalif/project_mobil/devel/share/common-lisp/ros/kumpulan_msgs/msg/_package.lisp)
Linked: (/home/ainiaalif/project_mobil/devel/.private/kumpulan_msgs/share/common-lisp/ros/kumpulan_msgs/msg/_package_arduino_it.lisp, /home/ainiaalif/project_mobil/devel/share/common-lisp/ros/kumpulan_msgs/msg/_package_arduino_it.lisp)
Linked: (/home/ainiaalif/project_mobil/devel/.private/kumpulan_msgs/share/common-lisp/ros/kumpulan_msgs/msg/kumpulan_msgs-msg.asd, /home/ainiaalif/project_mobil/devel/share/common-lisp/ros/kumpulan_msgs/msg/kumpulan_msgs-msg.asd)
Linked: (/home/ainiaalif/project_mobil/devel/.private/kumpulan_msgs/share/common-lisp/ros/kumpulan_msgs/msg/_package_it_vision.lisp, /home/ainiaalif/project_mobil/devel/share/common-lisp/ros/kumpulan_msgs/msg/_package_it_vision.lisp)
Linked: (/home/ainiaalif/project_mobil/devel/.private/kumpulan_msgs/share/common-lisp/ros/kumpulan_msgs/msg/_package_it_control.lisp, /home/ainiaalif/project_mobil/devel/share/common-lisp/ros/kumpulan_msgs/msg/_package_it_control.lisp)
Linked: (/home/ainiaalif/project_mobil/devel/.private/kumpulan_msgs/share/common-lisp/ros/kumpulan_msgs/msg/it_control.lisp, /home/ainiaalif/project_mobil/devel/share/common-lisp/ros/kumpulan_msgs/msg/it_control.lisp)
Linked: (/home/ainiaalif/project_mobil/devel/.private/kumpulan_msgs/lib/pkgconfig/kumpulan_msgs.pc, /home/ainiaalif/project_mobil/devel/lib/pkgconfig/kumpulan_msgs.pc)
Linked: (/home/ainiaalif/project_mobil/devel/.private/kumpulan_msgs/lib/python2.7/dist-packages/kumpulan_msgs/__init__.py, /home/ainiaalif/project_mobil/devel/lib/python2.7/dist-packages/kumpulan_msgs/__init__.py)
Linked: (/home/ainiaalif/project_mobil/devel/.private/kumpulan_msgs/lib/python2.7/dist-packages/kumpulan_msgs/__init__.pyc, /home/ainiaalif/project_mobil/devel/lib/python2.7/dist-packages/kumpulan_msgs/__init__.pyc)
Linked: (/home/ainiaalif/project_mobil/devel/.private/kumpulan_msgs/lib/python2.7/dist-packages/kumpulan_msgs/msg/__init__.py, /home/ainiaalif/project_mobil/devel/lib/python2.7/dist-packages/kumpulan_msgs/msg/__init__.py)
Linked: (/home/ainiaalif/project_mobil/devel/.private/kumpulan_msgs/lib/python2.7/dist-packages/kumpulan_msgs/msg/_it_control.py, /home/ainiaalif/project_mobil/devel/lib/python2.7/dist-packages/kumpulan_msgs/msg/_it_control.py)
Linked: (/home/ainiaalif/project_mobil/devel/.private/kumpulan_msgs/lib/python2.7/dist-packages/kumpulan_msgs/msg/__init__.pyc, /home/ainiaalif/project_mobil/devel/lib/python2.7/dist-packages/kumpulan_msgs/msg/__init__.pyc)
Linked: (/home/ainiaalif/project_mobil/devel/.private/kumpulan_msgs/lib/python2.7/dist-packages/kumpulan_msgs/msg/_arduino_it.py, /home/ainiaalif/project_mobil/devel/lib/python2.7/dist-packages/kumpulan_msgs/msg/_arduino_it.py)
Linked: (/home/ainiaalif/project_mobil/devel/.private/kumpulan_msgs/lib/python2.7/dist-packages/kumpulan_msgs/msg/_arduino_it.pyc, /home/ainiaalif/project_mobil/devel/lib/python2.7/dist-packages/kumpulan_msgs/msg/_arduino_it.pyc)
Linked: (/home/ainiaalif/project_mobil/devel/.private/kumpulan_msgs/lib/python2.7/dist-packages/kumpulan_msgs/msg/_it_vision.pyc, /home/ainiaalif/project_mobil/devel/lib/python2.7/dist-packages/kumpulan_msgs/msg/_it_vision.pyc)
Linked: (/home/ainiaalif/project_mobil/devel/.private/kumpulan_msgs/lib/python2.7/dist-packages/kumpulan_msgs/msg/_it_control.pyc, /home/ainiaalif/project_mobil/devel/lib/python2.7/dist-packages/kumpulan_msgs/msg/_it_control.pyc)
Linked: (/home/ainiaalif/project_mobil/devel/.private/kumpulan_msgs/lib/python2.7/dist-packages/kumpulan_msgs/msg/_it_vision.py, /home/ainiaalif/project_mobil/devel/lib/python2.7/dist-packages/kumpulan_msgs/msg/_it_vision.py)
Linked: (/home/ainiaalif/project_mobil/devel/.private/kumpulan_msgs/include/kumpulan_msgs/it_control.h, /home/ainiaalif/project_mobil/devel/include/kumpulan_msgs/it_control.h)
Linked: (/home/ainiaalif/project_mobil/devel/.private/kumpulan_msgs/include/kumpulan_msgs/arduino_it.h, /home/ainiaalif/project_mobil/devel/include/kumpulan_msgs/arduino_it.h)
Linked: (/home/ainiaalif/project_mobil/devel/.private/kumpulan_msgs/include/kumpulan_msgs/it_vision.h, /home/ainiaalif/project_mobil/devel/include/kumpulan_msgs/it_vision.h)
